2025-07-09 22:28:24,293 - INFO - [START] Quét danh sách jobs từ site: topcv
2025-07-09 22:28:24,293 - INFO - Tải config cho 'topcv' thành công.
2025-07-09 22:28:24,294 - INFO - Local run without headless (for debugging in real browser window)
2025-07-09 22:28:24,294 - INFO - 🚀 Chuẩn bị khởi tạo Chrome driver...
2025-07-09 22:28:27,017 - INFO - patching driver executable /home/kiet/.local/share/undetected_chromedriver/undetected_chromedriver
2025-07-09 22:28:27,488 - INFO - ✅ Chrome driver đã khởi tạo thành công.
2025-07-09 22:28:27,488 - INFO - Running locally, using LOCAL DB config.
2025-07-09 22:28:27,496 - INFO - => Kết nối Database thành công tới localhost:5432!
2025-07-09 22:28:27,496 - INFO - 
[PAGE 1] Đang xử lý: https://www.topcv.vn/tim-viec-lam-moi-nhat-tai-ho-chi-minh-l2
2025-07-09 22:28:31,282 - INFO - Đang chờ container của popup (#popup-recruitment-report) xuất hiện trong 15s...
2025-07-09 22:28:31,312 - INFO - ✅ Container của popup đã xuất hiện.
2025-07-09 22:28:32,328 - INFO - Đã tìm thấy nút đóng (button.close). Đang đóng popup...
2025-07-09 22:28:32,349 - INFO - ✅ Popup đã được đóng thành công.
2025-07-09 22:28:38,452 - INFO - [OK] Thêm mới 0 job từ trang này.
2025-07-09 22:28:38,452 - INFO - Đang chờ nút 'Next' sẵn sàng...
2025-07-09 22:28:38,770 - INFO - ✅ Nút 'Next' đã được tìm thấy.
2025-07-09 22:28:38,770 - INFO - Hành xử giống người: Nghỉ 5.98s trước khi sang trang tiếp theo.
2025-07-09 22:28:44,755 - INFO - 
[PAGE 2] Đang xử lý: https://www.topcv.vn/tim-viec-lam-moi-nhat-tai-ho-chi-minh-l2?page=2
2025-07-09 22:28:46,935 - INFO - Đang chờ container của popup (#popup-recruitment-report) xuất hiện trong 15s...
2025-07-09 22:28:46,950 - INFO - ✅ Container của popup đã xuất hiện.
2025-07-09 22:28:47,959 - INFO - Đã tìm thấy nút đóng (button.close). Đang đóng popup...
2025-07-09 22:28:47,986 - INFO - ✅ Popup đã được đóng thành công.
2025-07-09 22:28:53,131 - INFO - [OK] Thêm mới 0 job từ trang này.
2025-07-09 22:28:53,131 - INFO - Đang chờ nút 'Next' sẵn sàng...
2025-07-09 22:28:53,486 - INFO - ✅ Nút 'Next' đã được tìm thấy.
2025-07-09 22:28:53,486 - INFO - Hành xử giống người: Nghỉ 4.63s trước khi sang trang tiếp theo.
2025-07-09 22:28:58,119 - INFO - 
[PAGE 3] Đang xử lý: https://www.topcv.vn/tim-viec-lam-moi-nhat-tai-ho-chi-minh-l2?page=3
2025-07-09 22:29:00,288 - INFO - Đang chờ container của popup (#popup-recruitment-report) xuất hiện trong 15s...
2025-07-09 22:29:00,305 - INFO - ✅ Container của popup đã xuất hiện.
2025-07-09 22:29:01,320 - INFO - Đã tìm thấy nút đóng (button.close). Đang đóng popup...
2025-07-09 22:29:01,342 - INFO - ✅ Popup đã được đóng thành công.
2025-07-09 22:29:07,312 - INFO - [OK] Thêm mới 0 job từ trang này.
2025-07-09 22:29:07,312 - INFO - Đang chờ nút 'Next' sẵn sàng...
2025-07-09 22:29:07,716 - INFO - ✅ Nút 'Next' đã được tìm thấy.
2025-07-09 22:29:07,716 - INFO - Hành xử giống người: Nghỉ 5.81s trước khi sang trang tiếp theo.
2025-07-09 22:29:13,524 - INFO - 
[PAGE 4] Đang xử lý: https://www.topcv.vn/tim-viec-lam-moi-nhat-tai-ho-chi-minh-l2?page=4
2025-07-09 22:29:15,514 - INFO - Đang chờ container của popup (#popup-recruitment-report) xuất hiện trong 15s...
2025-07-09 22:29:15,530 - INFO - ✅ Container của popup đã xuất hiện.
2025-07-09 22:29:16,540 - INFO - Đã tìm thấy nút đóng (button.close). Đang đóng popup...
2025-07-09 22:29:16,564 - INFO - ✅ Popup đã được đóng thành công.
2025-07-09 22:29:22,850 - INFO - [OK] Thêm mới 0 job từ trang này.
2025-07-09 22:29:22,851 - INFO - Đang chờ nút 'Next' sẵn sàng...
2025-07-09 22:29:23,250 - INFO - ✅ Nút 'Next' đã được tìm thấy.
2025-07-09 22:29:23,250 - INFO - Hành xử giống người: Nghỉ 6.81s trước khi sang trang tiếp theo.
2025-07-09 22:29:30,061 - INFO - 
[PAGE 5] Đang xử lý: https://www.topcv.vn/tim-viec-lam-moi-nhat-tai-ho-chi-minh-l2?page=5
2025-07-09 22:29:32,235 - INFO - Đang chờ container của popup (#popup-recruitment-report) xuất hiện trong 15s...
2025-07-09 22:29:32,252 - INFO - ✅ Container của popup đã xuất hiện.
2025-07-09 22:29:33,261 - INFO - Đã tìm thấy nút đóng (button.close). Đang đóng popup...
2025-07-09 22:29:33,282 - INFO - ✅ Popup đã được đóng thành công.
2025-07-09 22:29:38,127 - INFO - [OK] Thêm mới 0 job từ trang này.
2025-07-09 22:29:38,128 - INFO - Đang chờ nút 'Next' sẵn sàng...
2025-07-09 22:29:38,515 - INFO - ✅ Nút 'Next' đã được tìm thấy.
2025-07-09 22:29:38,515 - INFO - Hành xử giống người: Nghỉ 5.31s trước khi sang trang tiếp theo.
2025-07-09 22:29:43,821 - INFO - 
[PAGE 6] Đang xử lý: https://www.topcv.vn/tim-viec-lam-moi-nhat-tai-ho-chi-minh-l2?page=6
2025-07-09 22:29:45,940 - INFO - Đang chờ container của popup (#popup-recruitment-report) xuất hiện trong 15s...
2025-07-09 22:29:45,956 - INFO - ✅ Container của popup đã xuất hiện.
2025-07-09 22:29:46,968 - INFO - Đã tìm thấy nút đóng (button.close). Đang đóng popup...
2025-07-09 22:29:46,988 - INFO - ✅ Popup đã được đóng thành công.
2025-07-09 22:29:53,198 - INFO - [OK] Thêm mới 0 job từ trang này.
2025-07-09 22:29:53,198 - INFO - Đang chờ nút 'Next' sẵn sàng...
2025-07-09 22:29:53,508 - INFO - ✅ Nút 'Next' đã được tìm thấy.
2025-07-09 22:29:53,508 - INFO - Hành xử giống người: Nghỉ 6.71s trước khi sang trang tiếp theo.
2025-07-09 22:30:00,221 - INFO - 
[PAGE 7] Đang xử lý: https://www.topcv.vn/tim-viec-lam-moi-nhat-tai-ho-chi-minh-l2?page=7
2025-07-09 22:30:02,350 - INFO - Đang chờ container của popup (#popup-recruitment-report) xuất hiện trong 15s...
2025-07-09 22:30:02,369 - INFO - ✅ Container của popup đã xuất hiện.
2025-07-09 22:30:03,381 - INFO - Đã tìm thấy nút đóng (button.close). Đang đóng popup...
2025-07-09 22:30:03,403 - INFO - ✅ Popup đã được đóng thành công.
2025-07-09 22:30:08,828 - INFO - [OK] Thêm mới 0 job từ trang này.
2025-07-09 22:30:08,828 - INFO - Đang chờ nút 'Next' sẵn sàng...
2025-07-09 22:30:09,121 - INFO - ✅ Nút 'Next' đã được tìm thấy.
2025-07-09 22:30:09,122 - INFO - Hành xử giống người: Nghỉ 5.10s trước khi sang trang tiếp theo.
2025-07-09 22:30:14,222 - INFO - 
[PAGE 8] Đang xử lý: https://www.topcv.vn/tim-viec-lam-moi-nhat-tai-ho-chi-minh-l2?page=8
2025-07-09 22:30:16,875 - INFO - Đang chờ container của popup (#popup-recruitment-report) xuất hiện trong 15s...
2025-07-09 22:30:16,894 - INFO - ✅ Container của popup đã xuất hiện.
2025-07-09 22:30:17,903 - INFO - Đã tìm thấy nút đóng (button.close). Đang đóng popup...
2025-07-09 22:30:17,924 - INFO - ✅ Popup đã được đóng thành công.
2025-07-09 22:30:22,758 - INFO - [OK] Thêm mới 0 job từ trang này.
2025-07-09 22:30:22,758 - INFO - Đang chờ nút 'Next' sẵn sàng...
2025-07-09 22:30:23,060 - INFO - ✅ Nút 'Next' đã được tìm thấy.
2025-07-09 22:30:23,061 - INFO - Hành xử giống người: Nghỉ 4.89s trước khi sang trang tiếp theo.
2025-07-09 22:30:27,949 - INFO - 
[PAGE 9] Đang xử lý: https://www.topcv.vn/tim-viec-lam-moi-nhat-tai-ho-chi-minh-l2?page=9
2025-07-09 22:30:30,183 - INFO - Đang chờ container của popup (#popup-recruitment-report) xuất hiện trong 15s...
2025-07-09 22:30:30,196 - INFO - ✅ Container của popup đã xuất hiện.
2025-07-09 22:30:31,206 - INFO - Đã tìm thấy nút đóng (button.close). Đang đóng popup...
2025-07-09 22:30:31,222 - INFO - ✅ Popup đã được đóng thành công.
2025-07-09 22:30:36,240 - INFO - [OK] Thêm mới 0 job từ trang này.
2025-07-09 22:30:36,240 - INFO - Đang chờ nút 'Next' sẵn sàng...
2025-07-09 22:30:36,540 - INFO - ✅ Nút 'Next' đã được tìm thấy.
2025-07-09 22:30:36,540 - INFO - Hành xử giống người: Nghỉ 5.76s trước khi sang trang tiếp theo.
2025-07-09 22:30:42,301 - INFO - 
[PAGE 10] Đang xử lý: https://www.topcv.vn/tim-viec-lam-moi-nhat-tai-ho-chi-minh-l2?page=10
2025-07-09 22:30:44,510 - INFO - Đang chờ container của popup (#popup-recruitment-report) xuất hiện trong 15s...
2025-07-09 22:30:44,521 - INFO - ✅ Container của popup đã xuất hiện.
2025-07-09 22:30:45,533 - INFO - Đã tìm thấy nút đóng (button.close). Đang đóng popup...
2025-07-09 22:30:45,553 - INFO - ✅ Popup đã được đóng thành công.
2025-07-09 22:30:51,046 - INFO - [OK] Thêm mới 0 job từ trang này.
2025-07-09 22:30:51,046 - INFO - Đang chờ nút 'Next' sẵn sàng...
2025-07-09 22:30:51,409 - INFO - ✅ Nút 'Next' đã được tìm thấy.
2025-07-09 22:30:51,409 - INFO - Hành xử giống người: Nghỉ 4.61s trước khi sang trang tiếp theo.
2025-07-09 22:30:56,023 - INFO - 
[TOTAL] Tổng số job mới được thêm vào DB: 0
2025-07-09 22:30:56,142 - INFO - Đã đóng trình duyệt Selenium.
2025-07-09 22:30:56,142 - INFO - Đã đóng kết nối Database.
