2025-06-26 17:50:10,583 - INFO - [Start] Worker xử lý chi tiết job theo config...
2025-06-26 17:50:11,775 - INFO - patching driver executable /home/kiet/.local/share/undetected_chromedriver/undetected_chromedriver
2025-06-26 17:50:13,228 - INFO - => Kết nối Database thành công!
2025-06-26 17:50:13,230 - INFO - [WAIT] Không còn job nào. Nghỉ 10 phút...
2025-06-26 17:50:46,161 - INFO - 
[STOP] Đã dừng bằng tay (Ctrl+C)
2025-06-26 17:54:44,232 - INFO - [Start] Worker xử lý chi tiết job theo config...
2025-06-26 17:54:45,607 - INFO - patching driver executable /home/kiet/.local/share/undetected_chromedriver/undetected_chromedriver
2025-06-26 17:54:47,062 - INFO - => Kết nối Database thành công!
2025-06-26 17:54:47,063 - INFO - [PROCESS] Job ID: 1 | URL: https://www.topcv.vn/viec-lam/nhan-vien-kinh-doanh-tu-van-telesales-ch...
2025-06-26 17:54:49,835 - INFO - [WAIT] Chờ tải trang trong 30s...
2025-06-26 17:54:49,843 - INFO - [SLEEP] Nghỉ 3.55s để tránh bị chặn...
2025-06-26 17:54:53,645 - INFO - [OK] Đã cập nhật chi tiết Job ID: 1
2025-06-26 17:54:53,645 - INFO - [SLEEP] Nghỉ 36.68s trước khi xử lý job kế tiếp...
2025-06-26 17:55:30,325 - INFO - [PROCESS] Job ID: 2 | URL: https://www.topcv.vn/viec-lam/sales-b2b-nhan-vien-kinh-doanh-giai-phap...
2025-06-26 17:55:31,423 - INFO - [WAIT] Chờ tải trang trong 30s...
2025-06-26 17:55:31,442 - INFO - [SLEEP] Nghỉ 2.36s để tránh bị chặn...
2025-06-26 17:55:34,031 - INFO - [OK] Đã cập nhật chi tiết Job ID: 2
2025-06-26 17:55:34,031 - INFO - [SLEEP] Nghỉ 40.64s trước khi xử lý job kế tiếp...
2025-06-26 17:56:14,672 - INFO - [PROCESS] Job ID: 3 | URL: https://www.topcv.vn/viec-lam/idol-livestream/1777862.html?ta_source=J...
2025-06-26 17:56:15,892 - INFO - [WAIT] Chờ tải trang trong 30s...
2025-06-26 17:56:15,945 - INFO - [SLEEP] Nghỉ 2.9s để tránh bị chặn...
2025-06-26 17:56:19,082 - INFO - [OK] Đã cập nhật chi tiết Job ID: 3
2025-06-26 17:56:19,082 - INFO - [SLEEP] Nghỉ 31.05s trước khi xử lý job kế tiếp...
2025-06-26 17:56:50,133 - INFO - [PROCESS] Job ID: 4 | URL: https://www.topcv.vn/viec-lam/phien-dich-tieng-trung-viet/1773497.html...
2025-06-26 17:56:51,193 - INFO - [WAIT] Chờ tải trang trong 30s...
2025-06-26 17:56:51,218 - INFO - [SLEEP] Nghỉ 3.32s để tránh bị chặn...
2025-06-26 17:56:54,776 - WARNING - [!] Không tìm thấy kỹ năng ở job này
2025-06-26 17:56:54,788 - INFO - [OK] Đã cập nhật chi tiết Job ID: 4
2025-06-26 17:56:54,788 - INFO - [SLEEP] Nghỉ 43.07s trước khi xử lý job kế tiếp...
2025-06-26 17:57:37,858 - INFO - [PROCESS] Job ID: 5 | URL: https://www.topcv.vn/viec-lam/ke-toan-noi-bo-tieng-trung/1770942.html?...
2025-06-26 17:57:38,902 - INFO - [WAIT] Chờ tải trang trong 30s...
2025-06-26 17:57:38,921 - INFO - [SLEEP] Nghỉ 3.02s để tránh bị chặn...
2025-06-26 17:57:42,169 - INFO - [OK] Đã cập nhật chi tiết Job ID: 5
2025-06-26 17:57:42,169 - INFO - [SLEEP] Nghỉ 44.27s trước khi xử lý job kế tiếp...
2025-06-26 17:58:26,440 - INFO - [PROCESS] Job ID: 6 | URL: https://www.topcv.vn/viec-lam/cong-tac-vien-kinh-doanh-bds-ban-nha-tho...
2025-06-26 17:58:27,743 - INFO - [WAIT] Chờ tải trang trong 30s...
2025-06-26 17:58:27,763 - INFO - [SLEEP] Nghỉ 3.66s để tránh bị chặn...
2025-06-26 17:58:31,644 - INFO - [OK] Đã cập nhật chi tiết Job ID: 6
2025-06-26 17:58:31,644 - INFO - [SLEEP] Nghỉ 41.73s trước khi xử lý job kế tiếp...
2025-06-26 17:59:13,375 - INFO - [PROCESS] Job ID: 7 | URL: https://www.topcv.vn/viec-lam/nhan-vien-ban-hang-online-tai-q9-phuong-...
2025-06-26 17:59:14,387 - INFO - [WAIT] Chờ tải trang trong 30s...
2025-06-26 17:59:14,408 - INFO - [SLEEP] Nghỉ 3.62s để tránh bị chặn...
2025-06-26 17:59:18,282 - INFO - [OK] Đã cập nhật chi tiết Job ID: 7
2025-06-26 17:59:18,283 - INFO - [SLEEP] Nghỉ 34.95s trước khi xử lý job kế tiếp...
2025-06-26 17:59:53,233 - INFO - [PROCESS] Job ID: 8 | URL: https://www.topcv.vn/viec-lam/nhan-vien-cham-soc-khach-hang-san-thuong...
2025-06-26 17:59:54,332 - INFO - [WAIT] Chờ tải trang trong 30s...
2025-06-26 17:59:54,351 - INFO - [SLEEP] Nghỉ 3.54s để tránh bị chặn...
2025-06-26 17:59:58,127 - INFO - [OK] Đã cập nhật chi tiết Job ID: 8
2025-06-26 17:59:58,128 - INFO - [SLEEP] Nghỉ 46.34s trước khi xử lý job kế tiếp...
2025-06-26 18:00:44,468 - INFO - [PROCESS] Job ID: 9 | URL: https://www.topcv.vn/viec-lam/ke-toan-thue-lam-viec-tai-tan-binh/17705...
2025-06-26 18:00:45,512 - INFO - [WAIT] Chờ tải trang trong 30s...
2025-06-26 18:00:45,538 - INFO - [SLEEP] Nghỉ 3.07s để tránh bị chặn...
2025-06-26 18:00:48,876 - INFO - [OK] Đã cập nhật chi tiết Job ID: 9
2025-06-26 18:00:48,877 - INFO - [SLEEP] Nghỉ 44.08s trước khi xử lý job kế tiếp...
2025-06-26 18:01:32,958 - INFO - [PROCESS] Job ID: 10 | URL: https://www.topcv.vn/viec-lam/ky-su-ban-hang-nhan-vien-kinh-doanh-tu-v...
2025-06-26 18:01:34,135 - INFO - [WAIT] Chờ tải trang trong 30s...
2025-06-26 18:01:34,147 - INFO - [SLEEP] Nghỉ 2.32s để tránh bị chặn...
2025-06-26 18:01:36,672 - WARNING - [!] Không tìm thấy kỹ năng ở job này
2025-06-26 18:01:36,685 - INFO - [OK] Đã cập nhật chi tiết Job ID: 10
2025-06-26 18:01:36,685 - INFO - [SLEEP] Nghỉ 32.39s trước khi xử lý job kế tiếp...
2025-06-26 18:02:06,579 - INFO - 
[STOP] Đã dừng bằng tay (Ctrl+C)
